This is pdfTeX, Version 3.14159265-2.6-1.40.20 (TeX Live 2019) (preloaded format=pdflatex 2019.11.28)  7 MAR 2024 01:25
entering extended mode
 restricted \write18 enabled.
 %&-line parsing enabled.
**main
(./main.tex
LaTeX2e <2018-12-01>
(/usr/local/texlive/2019/texmf-dist/tex/latex/base/article.cls
Document Class: article 2018/09/03 v1.4i Standard LaTeX document class
(/usr/local/texlive/2019/texmf-dist/tex/latex/base/size12.clo
File: size12.clo 2018/09/03 v1.4i Standard LaTeX file (size option)
)
\c@part=\count80
\c@section=\count81
\c@subsection=\count82
\c@subsubsection=\count83
\c@paragraph=\count84
\c@subparagraph=\count85
\c@figure=\count86
\c@table=\count87
\abovecaptionskip=\skip41
\belowcaptionskip=\skip42
\bibindent=\dimen102
)
(/usr/local/texlive/2019/texmf-dist/tex/latex/base/ifthen.sty
Package: ifthen 2014/09/29 v1.1c Standard LaTeX ifthen package (DPC)
) (./preamble.tex
(/usr/local/texlive/2019/texmf-dist/tex/latex/geometry/geometry.sty
Package: geometry 2018/04/16 v5.8 Page Geometry

(/usr/local/texlive/2019/texmf-dist/tex/latex/graphics/keyval.sty
Package: keyval 2014/10/28 v1.15 key=value parser (DPC)
\KV@toks@=\toks14
)
(/usr/local/texlive/2019/texmf-dist/tex/generic/oberdiek/ifpdf.sty
Package: ifpdf 2018/09/07 v3.3 Provides the ifpdf switch
)
(/usr/local/texlive/2019/texmf-dist/tex/generic/oberdiek/ifvtex.sty
Package: ifvtex 2016/05/16 v1.6 Detect VTeX and its facilities (HO)
Package ifvtex Info: VTeX not detected.
)
(/usr/local/texlive/2019/texmf-dist/tex/generic/ifxetex/ifxetex.sty
Package: ifxetex 2010/09/12 v0.6 Provides ifxetex conditional
)
\Gm@cnth=\count88
\Gm@cntv=\count89
\c@Gm@tempcnt=\count90
\Gm@bindingoffset=\dimen103
\Gm@wd@mp=\dimen104
\Gm@odd@mp=\dimen105
\Gm@even@mp=\dimen106
\Gm@layoutwidth=\dimen107
\Gm@layoutheight=\dimen108
\Gm@layouthoffset=\dimen109
\Gm@layoutvoffset=\dimen110
\Gm@dimlist=\toks15
)
(/usr/local/texlive/2019/texmf-dist/tex/latex/microtype/microtype.sty
Package: microtype 2019/02/28 v2.7b Micro-typographical refinements (RS)
\MT@toks=\toks16
\MT@count=\count91
LaTeX Info: Redefining \textls on input line 790.
\MT@outer@kern=\dimen111
LaTeX Info: Redefining \textmicrotypecontext on input line 1336.
\MT@listname@count=\count92

(/usr/local/texlive/2019/texmf-dist/tex/latex/microtype/microtype-pdftex.def
File: microtype-pdftex.def 2019/02/28 v2.7b Definitions specific to pdftex (RS)

LaTeX Info: Redefining \lsstyle on input line 914.
LaTeX Info: Redefining \lslig on input line 914.
\MT@outer@space=\skip43
)
Package microtype Info: Loading configuration file microtype.cfg.

(/usr/local/texlive/2019/texmf-dist/tex/latex/microtype/microtype.cfg
File: microtype.cfg 2019/02/28 v2.7b microtype main configuration file (RS)
))
(/usr/local/texlive/2019/texmf-dist/tex/latex/lineno/lineno.sty
Package: lineno 2005/11/02 line numbers on paragraphs v4.41
\linenopenalty=\count93
\output=\toks17
\linenoprevgraf=\count94
\linenumbersep=\dimen112
\linenumberwidth=\dimen113
\c@linenumber=\count95
\c@pagewiselinenumber=\count96
\c@LN@truepage=\count97
\c@internallinenumber=\count98
\c@internallinenumbers=\count99
\quotelinenumbersep=\dimen114
\bframerule=\dimen115
\bframesep=\dimen116
\bframebox=\box27
LaTeX Info: Redefining \\ on input line 3056.
)
(/usr/local/texlive/2019/texmf-dist/tex/latex/tools/xspace.sty
Package: xspace 2014/10/28 v1.13 Space after command names (DPC,MH)
)
(/usr/local/texlive/2019/texmf-dist/tex/latex/caption/caption.sty
Package: caption 2018/10/06 v3.3-154 Customizing captions (AR)

(/usr/local/texlive/2019/texmf-dist/tex/latex/caption/caption3.sty
Package: caption3 2018/09/12 v1.8c caption3 kernel (AR)
Package caption3 Info: TeX engine: e-TeX on input line 64.
\captionmargin=\dimen117
\captionmargin@=\dimen118
\captionwidth=\dimen119
\caption@tempdima=\dimen120
\caption@indent=\dimen121
\caption@parindent=\dimen122
\caption@hangindent=\dimen123
)
\c@caption@flags=\count100
\c@ContinuedFloat=\count101
)
(/usr/local/texlive/2019/texmf-dist/tex/latex/graphics/graphicx.sty
Package: graphicx 2017/06/01 v1.1a Enhanced LaTeX Graphics (DPC,SPQR)

(/usr/local/texlive/2019/texmf-dist/tex/latex/graphics/graphics.sty
Package: graphics 2017/06/25 v1.2c Standard LaTeX Graphics (DPC,SPQR)

(/usr/local/texlive/2019/texmf-dist/tex/latex/graphics/trig.sty
Package: trig 2016/01/03 v1.10 sin cos tan (DPC)
)
(/usr/local/texlive/2019/texmf-dist/tex/latex/graphics-cfg/graphics.cfg
File: graphics.cfg 2016/06/04 v1.11 sample graphics configuration
)
Package graphics Info: Driver file: pdftex.def on input line 99.

(/usr/local/texlive/2019/texmf-dist/tex/latex/graphics-def/pdftex.def
File: pdftex.def 2018/01/08 v1.0l Graphics/color driver for pdftex
))
\Gin@req@height=\dimen124
\Gin@req@width=\dimen125
)
(/usr/local/texlive/2019/texmf-dist/tex/latex/graphics/color.sty
Package: color 2016/07/10 v1.1e Standard LaTeX Color (DPC)

(/usr/local/texlive/2019/texmf-dist/tex/latex/graphics-cfg/color.cfg
File: color.cfg 2016/01/02 v1.6 sample color configuration
)
Package color Info: Driver file: pdftex.def on input line 147.
)
(/usr/local/texlive/2019/texmf-dist/tex/latex/colortbl/colortbl.sty
Package: colortbl 2018/12/12 v1.0d Color table columns (DPC)

(/usr/local/texlive/2019/texmf-dist/tex/latex/tools/array.sty
Package: array 2018/12/30 v2.4k Tabular extension package (FMi)
\col@sep=\dimen126
\ar@mcellbox=\box28
\extrarowheight=\dimen127
\NC@list=\toks18
\extratabsurround=\skip44
\backup@length=\skip45
\ar@cellbox=\box29
)
\everycr=\toks19
\minrowclearance=\skip46
)
(/usr/local/texlive/2019/texmf-dist/tex/latex/amsmath/amsmath.sty
Package: amsmath 2018/12/01 v2.17b AMS math features
\@mathmargin=\skip47

For additional information on amsmath, use the `?' option.
(/usr/local/texlive/2019/texmf-dist/tex/latex/amsmath/amstext.sty
Package: amstext 2000/06/29 v2.01 AMS text

(/usr/local/texlive/2019/texmf-dist/tex/latex/amsmath/amsgen.sty
File: amsgen.sty 1999/11/30 v2.0 generic functions
\@emptytoks=\toks20
\ex@=\dimen128
))
(/usr/local/texlive/2019/texmf-dist/tex/latex/amsmath/amsbsy.sty
Package: amsbsy 1999/11/29 v1.2d Bold Symbols
\pmbraise@=\dimen129
)
(/usr/local/texlive/2019/texmf-dist/tex/latex/amsmath/amsopn.sty
Package: amsopn 2016/03/08 v2.02 operator names
)
\inf@bad=\count102
LaTeX Info: Redefining \frac on input line 223.
\uproot@=\count103
\leftroot@=\count104
LaTeX Info: Redefining \overline on input line 385.
\classnum@=\count105
\DOTSCASE@=\count106
LaTeX Info: Redefining \ldots on input line 482.
LaTeX Info: Redefining \dots on input line 485.
LaTeX Info: Redefining \cdots on input line 606.
\Mathstrutbox@=\box30
\strutbox@=\box31
\big@size=\dimen130
LaTeX Font Info:    Redeclaring font encoding OML on input line 729.
LaTeX Font Info:    Redeclaring font encoding OMS on input line 730.
\macc@depth=\count107
\c@MaxMatrixCols=\count108
\dotsspace@=\muskip10
\c@parentequation=\count109
\dspbrk@lvl=\count110
\tag@help=\toks21
\row@=\count111
\column@=\count112
\maxfields@=\count113
\andhelp@=\toks22
\eqnshift@=\dimen131
\alignsep@=\dimen132
\tagshift@=\dimen133
\tagwidth@=\dimen134
\totwidth@=\dimen135
\lineht@=\dimen136
\@envbody=\toks23
\multlinegap=\skip48
\multlinetaggap=\skip49
\mathdisplay@stack=\toks24
LaTeX Info: Redefining \[ on input line 2844.
LaTeX Info: Redefining \] on input line 2845.
)
(/usr/local/texlive/2019/texmf-dist/tex/latex/amsfonts/amssymb.sty
Package: amssymb 2013/01/14 v3.01 AMS font symbols

(/usr/local/texlive/2019/texmf-dist/tex/latex/amsfonts/amsfonts.sty
Package: amsfonts 2013/01/14 v3.01 Basic AMSFonts support
\symAMSa=\mathgroup4
\symAMSb=\mathgroup5
LaTeX Font Info:    Overwriting math alphabet `\mathfrak' in version `bold'
(Font)                  U/euf/m/n --> U/euf/b/n on input line 106.
))
(/usr/local/texlive/2019/texmf-dist/tex/latex/was/upgreek.sty
Package: upgreek 2003/02/12 v2.0 (WaS)
Package upgreek Info: Using Euler Roman for upright Greek on input line 31.
\symugrf@m=\mathgroup6
LaTeX Font Info:    Overwriting symbol font `ugrf@m' in version `bold'
(Font)                  U/eur/m/n --> U/eur/b/n on input line 38.
)
(/usr/local/texlive/2019/texmf-dist/tex/latex/hyperxmp/hyperxmp.sty
Package: hyperxmp 2019/04/05 v4.1 Store hyperref metadata in XMP format

(/usr/local/texlive/2019/texmf-dist/tex/latex/oberdiek/atenddvi.sty
Package: atenddvi 2016/05/16 v1.2 At end DVI hook (HO)

(/usr/local/texlive/2019/texmf-dist/tex/latex/oberdiek/zref-abspage.sty
Package: zref-abspage 2018/11/21 v2.27 Module abspage for zref (HO)

(/usr/local/texlive/2019/texmf-dist/tex/latex/oberdiek/zref-base.sty
Package: zref-base 2018/11/21 v2.27 Module base for zref (HO)

(/usr/local/texlive/2019/texmf-dist/tex/generic/oberdiek/ltxcmds.sty
Package: ltxcmds 2016/05/16 v1.23 LaTeX kernel commands for general use (HO)
)
(/usr/local/texlive/2019/texmf-dist/tex/generic/oberdiek/infwarerr.sty
Package: infwarerr 2016/05/16 v1.4 Providing info/warning/error messages (HO)
)
(/usr/local/texlive/2019/texmf-dist/tex/generic/oberdiek/kvsetkeys.sty
Package: kvsetkeys 2016/05/16 v1.17 Key value parser (HO)

(/usr/local/texlive/2019/texmf-dist/tex/generic/oberdiek/etexcmds.sty
Package: etexcmds 2016/05/16 v1.6 Avoid name clashes with e-TeX commands (HO)

(/usr/local/texlive/2019/texmf-dist/tex/generic/oberdiek/ifluatex.sty
Package: ifluatex 2016/05/16 v1.4 Provides the ifluatex switch (HO)
Package ifluatex Info: LuaTeX not detected.
)))
(/usr/local/texlive/2019/texmf-dist/tex/generic/oberdiek/kvdefinekeys.sty
Package: kvdefinekeys 2016/05/16 v1.4 Define keys (HO)
)
(/usr/local/texlive/2019/texmf-dist/tex/generic/oberdiek/pdftexcmds.sty
Package: pdftexcmds 2018/09/10 v0.29 Utility functions of pdfTeX for LuaTeX (HO
)
Package pdftexcmds Info: LuaTeX not detected.
Package pdftexcmds Info: \pdf@primitive is available.
Package pdftexcmds Info: \pdf@ifprimitive is available.
Package pdftexcmds Info: \pdfdraftmode found.
)
(/usr/local/texlive/2019/texmf-dist/tex/latex/oberdiek/auxhook.sty
Package: auxhook 2016/05/16 v1.4 Hooks for auxiliary files (HO)
)
Package zref Info: New property list: main on input line 759.
Package zref Info: New property: default on input line 760.
Package zref Info: New property: page on input line 761.
)
(/usr/local/texlive/2019/texmf-dist/tex/generic/oberdiek/atbegshi.sty
Package: atbegshi 2016/06/09 v1.18 At begin shipout hook (HO)
)
\c@abspage=\count114
Package zref Info: New property: abspage on input line 62.
)
(/usr/local/texlive/2019/texmf-dist/tex/latex/oberdiek/zref-lastpage.sty
Package: zref-lastpage 2018/11/21 v2.27 Module lastpage for zref (HO)

(/usr/local/texlive/2019/texmf-dist/tex/latex/oberdiek/atveryend.sty
Package: atveryend 2016/05/16 v1.9 Hooks at the very end of document (HO)
Package atveryend Info: \enddocument detected (standard20110627).
)
Package zref Info: New property list: LastPage on input line 55.
))
(/usr/local/texlive/2019/texmf-dist/tex/latex/oberdiek/kvoptions.sty
Package: kvoptions 2016/05/16 v3.12 Key value format for package options (HO)
)
(/usr/local/texlive/2019/texmf-dist/tex/generic/oberdiek/pdfescape.sty
Package: pdfescape 2016/05/16 v1.14 Implements pdfTeX's escape features (HO)
)
(/usr/local/texlive/2019/texmf-dist/tex/generic/oberdiek/stringenc.sty
Package: stringenc 2016/05/16 v1.11 Convert strings between diff. encodings (HO
)
)
(/usr/local/texlive/2019/texmf-dist/tex/generic/oberdiek/intcalc.sty
Package: intcalc 2016/05/16 v1.2 Expandable calculations with integers (HO)
)
(/usr/local/texlive/2019/texmf-dist/tex/latex/ifmtarg/ifmtarg.sty
Package: ifmtarg 2018/04/16 v1.2b check for an empty argument
))
(/usr/local/texlive/2019/texmf-dist/tex/latex/hyperref/hyperref.sty
Package: hyperref 2018/11/30 v6.88e Hypertext links for LaTeX

(/usr/local/texlive/2019/texmf-dist/tex/generic/oberdiek/hobsub-hyperref.sty
Package: hobsub-hyperref 2016/05/16 v1.14 Bundle oberdiek, subset hyperref (HO)


(/usr/local/texlive/2019/texmf-dist/tex/generic/oberdiek/hobsub-generic.sty
Package: hobsub-generic 2016/05/16 v1.14 Bundle oberdiek, subset generic (HO)
Package: hobsub 2016/05/16 v1.14 Construct package bundles (HO)
Package hobsub Info: Skipping package `infwarerr' (already loaded).
Package hobsub Info: Skipping package `ltxcmds' (already loaded).
Package hobsub Info: Skipping package `ifluatex' (already loaded).
Package hobsub Info: Skipping package `ifvtex' (already loaded).
Package hobsub Info: Skipping package `intcalc' (already loaded).
Package hobsub Info: Skipping package `ifpdf' (already loaded).
Package hobsub Info: Skipping package `etexcmds' (already loaded).
Package hobsub Info: Skipping package `kvsetkeys' (already loaded).
Package hobsub Info: Skipping package `kvdefinekeys' (already loaded).
Package hobsub Info: Skipping package `pdftexcmds' (already loaded).
Package hobsub Info: Skipping package `pdfescape' (already loaded).
Package: bigintcalc 2016/05/16 v1.4 Expandable calculations on big integers (HO
)
Package: bitset 2016/05/16 v1.2 Handle bit-vector datatype (HO)
Package: uniquecounter 2016/05/16 v1.3 Provide unlimited unique counter (HO)
)
Package hobsub Info: Skipping package `hobsub' (already loaded).
Package: letltxmacro 2016/05/16 v1.5 Let assignment for LaTeX macros (HO)
Package: hopatch 2016/05/16 v1.3 Wrapper for package hooks (HO)
Package: xcolor-patch 2016/05/16 xcolor patch
Package hobsub Info: Skipping package `atveryend' (already loaded).
Package hobsub Info: Skipping package `atbegshi' (already loaded).
Package: refcount 2016/05/16 v3.5 Data extraction from label references (HO)
Package: hycolor 2016/05/16 v1.8 Color options for hyperref/bookmark (HO)
)
\@linkdim=\dimen137
\Hy@linkcounter=\count115
\Hy@pagecounter=\count116

(/usr/local/texlive/2019/texmf-dist/tex/latex/hyperref/pd1enc.def
File: pd1enc.def 2018/11/30 v6.88e Hyperref: PDFDocEncoding definition (HO)
Now handling font encoding PD1 ...
... no UTF-8 mapping file for font encoding PD1
)
\Hy@SavedSpaceFactor=\count117

(/usr/local/texlive/2019/texmf-dist/tex/latex/latexconfig/hyperref.cfg
File: hyperref.cfg 2002/06/06 v1.2 hyperref configuration of TeXLive
)
Package hyperref Info: Hyper figures OFF on input line 4519.
Package hyperref Info: Link nesting OFF on input line 4524.
Package hyperref Info: Hyper index ON on input line 4527.
Package hyperref Info: Plain pages OFF on input line 4534.
Package hyperref Info: Backreferencing OFF on input line 4539.
Package hyperref Info: Implicit mode ON; LaTeX internals redefined.
Package hyperref Info: Bookmarks ON on input line 4772.
\c@Hy@tempcnt=\count118

(/usr/local/texlive/2019/texmf-dist/tex/latex/url/url.sty
\Urlmuskip=\muskip11
Package: url 2013/09/16  ver 3.4  Verb mode for urls, etc.
)
LaTeX Info: Redefining \url on input line 5125.
\XeTeXLinkMargin=\dimen138
\Fld@menulength=\count119
\Field@Width=\dimen139
\Fld@charsize=\dimen140
Package hyperref Info: Hyper figures OFF on input line 6380.
Package hyperref Info: Link nesting OFF on input line 6385.
Package hyperref Info: Hyper index ON on input line 6388.
Package hyperref Info: backreferencing OFF on input line 6395.
Package hyperref Info: Link coloring OFF on input line 6400.
Package hyperref Info: Link coloring with OCG OFF on input line 6405.
Package hyperref Info: PDF/A mode OFF on input line 6410.
LaTeX Info: Redefining \ref on input line 6450.
LaTeX Info: Redefining \pageref on input line 6454.
\Hy@abspage=\count120
\c@Item=\count121
\c@Hfootnote=\count122
)
Package hyperref Info: Driver: hpdftex.

(/usr/local/texlive/2019/texmf-dist/tex/latex/hyperref/hpdftex.def
File: hpdftex.def 2018/11/30 v6.88e Hyperref driver for pdfTeX
\HyAnn@Count=\count123
\Fld@listcount=\count124
\c@bookmark@seq@number=\count125

(/usr/local/texlive/2019/texmf-dist/tex/latex/oberdiek/rerunfilecheck.sty
Package: rerunfilecheck 2016/05/16 v1.8 Rerun checks for auxiliary files (HO)
Package uniquecounter Info: New unique counter `rerunfilecheck' on input line 2
82.
)
\Hy@SectionHShift=\skip50
)
(/usr/local/texlive/2019/texmf-dist/tex/latex/todonotes/todonotes.sty
Package: todonotes 2019/01/24 v1.1.2 Todonotes source and documentation.
Package: todonotes 2018/11/22

(/usr/local/texlive/2019/texmf-dist/tex/latex/xkeyval/xkeyval.sty
Package: xkeyval 2014/12/03 v2.7a package option processing (HA)

(/usr/local/texlive/2019/texmf-dist/tex/generic/xkeyval/xkeyval.tex
(/usr/local/texlive/2019/texmf-dist/tex/generic/xkeyval/xkvutils.tex
\XKV@toks=\toks25
\XKV@tempa@toks=\toks26
)
\XKV@depth=\count126
File: xkeyval.tex 2014/12/03 v2.7a key=value parser (HA)
))
(/usr/local/texlive/2019/texmf-dist/tex/latex/xcolor/xcolor.sty
Package: xcolor 2016/05/11 v2.12 LaTeX color extensions (UK)

(/usr/local/texlive/2019/texmf-dist/tex/latex/graphics-cfg/color.cfg
File: color.cfg 2016/01/02 v1.6 sample color configuration
)
Package xcolor Info: Driver file: pdftex.def on input line 225.
LaTeX Info: Redefining \color on input line 709.
Package xcolor Info: Model `cmy' substituted by `cmy0' on input line 1348.
Package xcolor Info: Model `hsb' substituted by `rgb' on input line 1352.
Package xcolor Info: Model `RGB' extended on input line 1364.
Package xcolor Info: Model `HTML' substituted by `rgb' on input line 1366.
Package xcolor Info: Model `Hsb' substituted by `hsb' on input line 1367.
Package xcolor Info: Model `tHsb' substituted by `hsb' on input line 1368.
Package xcolor Info: Model `HSB' substituted by `hsb' on input line 1369.
Package xcolor Info: Model `Gray' substituted by `gray' on input line 1370.
Package xcolor Info: Model `wave' substituted by `hsb' on input line 1371.
)
(/usr/local/texlive/2019/texmf-dist/tex/latex/pgf/frontendlayer/tikz.sty
(/usr/local/texlive/2019/texmf-dist/tex/latex/pgf/basiclayer/pgf.sty
(/usr/local/texlive/2019/texmf-dist/tex/latex/pgf/utilities/pgfrcs.sty
(/usr/local/texlive/2019/texmf-dist/tex/generic/pgf/utilities/pgfutil-common.te
x
\pgfutil@everybye=\toks27
\pgfutil@tempdima=\dimen141
\pgfutil@tempdimb=\dimen142

(/usr/local/texlive/2019/texmf-dist/tex/generic/pgf/utilities/pgfutil-common-li
sts.tex))
(/usr/local/texlive/2019/texmf-dist/tex/generic/pgf/utilities/pgfutil-latex.def
\pgfutil@abb=\box32
(/usr/local/texlive/2019/texmf-dist/tex/latex/ms/everyshi.sty
Package: everyshi 2001/05/15 v3.00 EveryShipout Package (MS)
))
(/usr/local/texlive/2019/texmf-dist/tex/generic/pgf/utilities/pgfrcs.code.tex
(/usr/local/texlive/2019/texmf-dist/tex/generic/pgf/pgf.revision.tex)
Package: pgfrcs 2019/04/04 v3.1.2 (3.1.2)
))
Package: pgf 2019/04/04 v3.1.2 (3.1.2)

(/usr/local/texlive/2019/texmf-dist/tex/latex/pgf/basiclayer/pgfcore.sty
(/usr/local/texlive/2019/texmf-dist/tex/latex/pgf/systemlayer/pgfsys.sty
(/usr/local/texlive/2019/texmf-dist/tex/generic/pgf/systemlayer/pgfsys.code.tex
Package: pgfsys 2019/04/04 v3.1.2 (3.1.2)
(/usr/local/texlive/2019/texmf-dist/tex/generic/pgf/utilities/pgfkeys.code.tex
\pgfkeys@pathtoks=\toks28
\pgfkeys@temptoks=\toks29

(/usr/local/texlive/2019/texmf-dist/tex/generic/pgf/utilities/pgfkeysfiltered.c
ode.tex
\pgfkeys@tmptoks=\toks30
))
\pgf@x=\dimen143
\pgf@y=\dimen144
\pgf@xa=\dimen145
\pgf@ya=\dimen146
\pgf@xb=\dimen147
\pgf@yb=\dimen148
\pgf@xc=\dimen149
\pgf@yc=\dimen150
\w@pgf@writea=\write3
\r@pgf@reada=\read1
\c@pgf@counta=\count127
\c@pgf@countb=\count128
\c@pgf@countc=\count129
\c@pgf@countd=\count130
\t@pgf@toka=\toks31
\t@pgf@tokb=\toks32
\t@pgf@tokc=\toks33
\pgf@sys@id@count=\count131

(/usr/local/texlive/2019/texmf-dist/tex/generic/pgf/systemlayer/pgf.cfg
File: pgf.cfg 2019/04/04 v3.1.2 (3.1.2)
)
Driver file for pgf: pgfsys-pdftex.def

(/usr/local/texlive/2019/texmf-dist/tex/generic/pgf/systemlayer/pgfsys-pdftex.d
ef
File: pgfsys-pdftex.def 2019/04/04 v3.1.2 (3.1.2)

(/usr/local/texlive/2019/texmf-dist/tex/generic/pgf/systemlayer/pgfsys-common-p
df.def
File: pgfsys-common-pdf.def 2019/04/04 v3.1.2 (3.1.2)
)))
(/usr/local/texlive/2019/texmf-dist/tex/generic/pgf/systemlayer/pgfsyssoftpath.
code.tex
File: pgfsyssoftpath.code.tex 2019/04/04 v3.1.2 (3.1.2)
\pgfsyssoftpath@smallbuffer@items=\count132
\pgfsyssoftpath@bigbuffer@items=\count133
)
(/usr/local/texlive/2019/texmf-dist/tex/generic/pgf/systemlayer/pgfsysprotocol.
code.tex
File: pgfsysprotocol.code.tex 2019/04/04 v3.1.2 (3.1.2)
))
(/usr/local/texlive/2019/texmf-dist/tex/generic/pgf/basiclayer/pgfcore.code.tex
Package: pgfcore 2019/04/04 v3.1.2 (3.1.2)
(/usr/local/texlive/2019/texmf-dist/tex/generic/pgf/math/pgfmath.code.tex
(/usr/local/texlive/2019/texmf-dist/tex/generic/pgf/math/pgfmathcalc.code.tex
(/usr/local/texlive/2019/texmf-dist/tex/generic/pgf/math/pgfmathutil.code.tex)
(/usr/local/texlive/2019/texmf-dist/tex/generic/pgf/math/pgfmathparser.code.tex
\pgfmath@dimen=\dimen151
\pgfmath@count=\count134
\pgfmath@box=\box33
\pgfmath@toks=\toks34
\pgfmath@stack@operand=\toks35
\pgfmath@stack@operation=\toks36
)
(/usr/local/texlive/2019/texmf-dist/tex/generic/pgf/math/pgfmathfunctions.code.
tex
(/usr/local/texlive/2019/texmf-dist/tex/generic/pgf/math/pgfmathfunctions.basic
.code.tex)
(/usr/local/texlive/2019/texmf-dist/tex/generic/pgf/math/pgfmathfunctions.trigo
nometric.code.tex)
(/usr/local/texlive/2019/texmf-dist/tex/generic/pgf/math/pgfmathfunctions.rando
m.code.tex)
(/usr/local/texlive/2019/texmf-dist/tex/generic/pgf/math/pgfmathfunctions.compa
rison.code.tex)
(/usr/local/texlive/2019/texmf-dist/tex/generic/pgf/math/pgfmathfunctions.base.
code.tex)
(/usr/local/texlive/2019/texmf-dist/tex/generic/pgf/math/pgfmathfunctions.round
.code.tex)
(/usr/local/texlive/2019/texmf-dist/tex/generic/pgf/math/pgfmathfunctions.misc.
code.tex)
(/usr/local/texlive/2019/texmf-dist/tex/generic/pgf/math/pgfmathfunctions.integ
erarithmetics.code.tex)))
(/usr/local/texlive/2019/texmf-dist/tex/generic/pgf/math/pgfmathfloat.code.tex
\c@pgfmathroundto@lastzeros=\count135
))
(/usr/local/texlive/2019/texmf-dist/tex/generic/pgf/basiclayer/pgfcorepoints.co
de.tex
File: pgfcorepoints.code.tex 2019/04/04 v3.1.2 (3.1.2)
\pgf@picminx=\dimen152
\pgf@picmaxx=\dimen153
\pgf@picminy=\dimen154
\pgf@picmaxy=\dimen155
\pgf@pathminx=\dimen156
\pgf@pathmaxx=\dimen157
\pgf@pathminy=\dimen158
\pgf@pathmaxy=\dimen159
\pgf@xx=\dimen160
\pgf@xy=\dimen161
\pgf@yx=\dimen162
\pgf@yy=\dimen163
\pgf@zx=\dimen164
\pgf@zy=\dimen165
)
(/usr/local/texlive/2019/texmf-dist/tex/generic/pgf/basiclayer/pgfcorepathconst
ruct.code.tex
File: pgfcorepathconstruct.code.tex 2019/04/04 v3.1.2 (3.1.2)
\pgf@path@lastx=\dimen166
\pgf@path@lasty=\dimen167
)
(/usr/local/texlive/2019/texmf-dist/tex/generic/pgf/basiclayer/pgfcorepathusage
.code.tex
File: pgfcorepathusage.code.tex 2019/04/04 v3.1.2 (3.1.2)
\pgf@shorten@end@additional=\dimen168
\pgf@shorten@start@additional=\dimen169
)
(/usr/local/texlive/2019/texmf-dist/tex/generic/pgf/basiclayer/pgfcorescopes.co
de.tex
File: pgfcorescopes.code.tex 2019/04/04 v3.1.2 (3.1.2)
\pgfpic=\box34
\pgf@hbox=\box35
\pgf@layerbox@main=\box36
\pgf@picture@serial@count=\count136
)
(/usr/local/texlive/2019/texmf-dist/tex/generic/pgf/basiclayer/pgfcoregraphicst
ate.code.tex
File: pgfcoregraphicstate.code.tex 2019/04/04 v3.1.2 (3.1.2)
\pgflinewidth=\dimen170
)
(/usr/local/texlive/2019/texmf-dist/tex/generic/pgf/basiclayer/pgfcoretransform
ations.code.tex
File: pgfcoretransformations.code.tex 2019/04/04 v3.1.2 (3.1.2)
\pgf@pt@x=\dimen171
\pgf@pt@y=\dimen172
\pgf@pt@temp=\dimen173
)
(/usr/local/texlive/2019/texmf-dist/tex/generic/pgf/basiclayer/pgfcorequick.cod
e.tex
File: pgfcorequick.code.tex 2019/04/04 v3.1.2 (3.1.2)
)
(/usr/local/texlive/2019/texmf-dist/tex/generic/pgf/basiclayer/pgfcoreobjects.c
ode.tex
File: pgfcoreobjects.code.tex 2019/04/04 v3.1.2 (3.1.2)
)
(/usr/local/texlive/2019/texmf-dist/tex/generic/pgf/basiclayer/pgfcorepathproce
ssing.code.tex
File: pgfcorepathprocessing.code.tex 2019/04/04 v3.1.2 (3.1.2)
)
(/usr/local/texlive/2019/texmf-dist/tex/generic/pgf/basiclayer/pgfcorearrows.co
de.tex
File: pgfcorearrows.code.tex 2019/04/04 v3.1.2 (3.1.2)
\pgfarrowsep=\dimen174
)
(/usr/local/texlive/2019/texmf-dist/tex/generic/pgf/basiclayer/pgfcoreshade.cod
e.tex
File: pgfcoreshade.code.tex 2019/04/04 v3.1.2 (3.1.2)
\pgf@max=\dimen175
\pgf@sys@shading@range@num=\count137
\pgf@shadingcount=\count138
)
(/usr/local/texlive/2019/texmf-dist/tex/generic/pgf/basiclayer/pgfcoreimage.cod
e.tex
File: pgfcoreimage.code.tex 2019/04/04 v3.1.2 (3.1.2)

(/usr/local/texlive/2019/texmf-dist/tex/generic/pgf/basiclayer/pgfcoreexternal.
code.tex
File: pgfcoreexternal.code.tex 2019/04/04 v3.1.2 (3.1.2)
\pgfexternal@startupbox=\box37
))
(/usr/local/texlive/2019/texmf-dist/tex/generic/pgf/basiclayer/pgfcorelayers.co
de.tex
File: pgfcorelayers.code.tex 2019/04/04 v3.1.2 (3.1.2)
)
(/usr/local/texlive/2019/texmf-dist/tex/generic/pgf/basiclayer/pgfcoretranspare
ncy.code.tex
File: pgfcoretransparency.code.tex 2019/04/04 v3.1.2 (3.1.2)
)
(/usr/local/texlive/2019/texmf-dist/tex/generic/pgf/basiclayer/pgfcorepatterns.
code.tex
File: pgfcorepatterns.code.tex 2019/04/04 v3.1.2 (3.1.2)
)
(/usr/local/texlive/2019/texmf-dist/tex/generic/pgf/basiclayer/pgfcorerdf.code.
tex
File: pgfcorerdf.code.tex 2019/04/04 v3.1.2 (3.1.2)
)))
(/usr/local/texlive/2019/texmf-dist/tex/generic/pgf/modules/pgfmoduleshapes.cod
e.tex
File: pgfmoduleshapes.code.tex 2019/04/04 v3.1.2 (3.1.2)
\pgfnodeparttextbox=\box38
)
(/usr/local/texlive/2019/texmf-dist/tex/generic/pgf/modules/pgfmoduleplot.code.
tex
File: pgfmoduleplot.code.tex 2019/04/04 v3.1.2 (3.1.2)
)
(/usr/local/texlive/2019/texmf-dist/tex/latex/pgf/compatibility/pgfcomp-version
-0-65.sty
Package: pgfcomp-version-0-65 2019/04/04 v3.1.2 (3.1.2)
\pgf@nodesepstart=\dimen176
\pgf@nodesepend=\dimen177
)
(/usr/local/texlive/2019/texmf-dist/tex/latex/pgf/compatibility/pgfcomp-version
-1-18.sty
Package: pgfcomp-version-1-18 2019/04/04 v3.1.2 (3.1.2)
))
(/usr/local/texlive/2019/texmf-dist/tex/latex/pgf/utilities/pgffor.sty
(/usr/local/texlive/2019/texmf-dist/tex/latex/pgf/utilities/pgfkeys.sty
(/usr/local/texlive/2019/texmf-dist/tex/generic/pgf/utilities/pgfkeys.code.tex)
) (/usr/local/texlive/2019/texmf-dist/tex/latex/pgf/math/pgfmath.sty
(/usr/local/texlive/2019/texmf-dist/tex/generic/pgf/math/pgfmath.code.tex))
(/usr/local/texlive/2019/texmf-dist/tex/generic/pgf/utilities/pgffor.code.tex
Package: pgffor 2019/04/04 v3.1.2 (3.1.2)

(/usr/local/texlive/2019/texmf-dist/tex/generic/pgf/math/pgfmath.code.tex)
\pgffor@iter=\dimen178
\pgffor@skip=\dimen179
\pgffor@stack=\toks37
\pgffor@toks=\toks38
))
(/usr/local/texlive/2019/texmf-dist/tex/generic/pgf/frontendlayer/tikz/tikz.cod
e.tex
Package: tikz 2019/04/04 v3.1.2 (3.1.2)

(/usr/local/texlive/2019/texmf-dist/tex/generic/pgf/libraries/pgflibraryplothan
dlers.code.tex
File: pgflibraryplothandlers.code.tex 2019/04/04 v3.1.2 (3.1.2)
\pgf@plot@mark@count=\count139
\pgfplotmarksize=\dimen180
)
\tikz@lastx=\dimen181
\tikz@lasty=\dimen182
\tikz@lastxsaved=\dimen183
\tikz@lastysaved=\dimen184
\tikzleveldistance=\dimen185
\tikzsiblingdistance=\dimen186
\tikz@figbox=\box39
\tikz@figbox@bg=\box40
\tikz@tempbox=\box41
\tikz@tempbox@bg=\box42
\tikztreelevel=\count140
\tikznumberofchildren=\count141
\tikznumberofcurrentchild=\count142
\tikz@fig@count=\count143

(/usr/local/texlive/2019/texmf-dist/tex/generic/pgf/modules/pgfmodulematrix.cod
e.tex
File: pgfmodulematrix.code.tex 2019/04/04 v3.1.2 (3.1.2)
\pgfmatrixcurrentrow=\count144
\pgfmatrixcurrentcolumn=\count145
\pgf@matrix@numberofcolumns=\count146
)
\tikz@expandcount=\count147

(/usr/local/texlive/2019/texmf-dist/tex/generic/pgf/frontendlayer/tikz/librarie
s/tikzlibrarytopaths.code.tex
File: tikzlibrarytopaths.code.tex 2019/04/04 v3.1.2 (3.1.2)
)))
(/usr/local/texlive/2019/texmf-dist/tex/generic/pgf/frontendlayer/tikz/librarie
s/tikzlibrarypositioning.code.tex
File: tikzlibrarypositioning.code.tex 2019/04/04 v3.1.2 (3.1.2)
)
(/usr/local/texlive/2019/texmf-dist/tex/generic/pgf/frontendlayer/tikz/librarie
s/tikzlibraryshadows.code.tex
File: tikzlibraryshadows.code.tex 2019/04/04 v3.1.2 (3.1.2)

(/usr/local/texlive/2019/texmf-dist/tex/generic/pgf/frontendlayer/tikz/librarie
s/tikzlibraryfadings.code.tex
File: tikzlibraryfadings.code.tex 2019/04/04 v3.1.2 (3.1.2)

(/usr/local/texlive/2019/texmf-dist/tex/generic/pgf/libraries/pgflibraryfadings
.code.tex
File: pgflibraryfadings.code.tex 2019/04/04 v3.1.2 (3.1.2)
))) (/usr/local/texlive/2019/texmf-dist/tex/latex/tools/calc.sty
Package: calc 2017/05/25 v4.3 Infix arithmetic (KKT,FJ)
\calc@Acount=\count148
\calc@Bcount=\count149
\calc@Adimen=\dimen187
\calc@Bdimen=\dimen188
\calc@Askip=\skip51
\calc@Bskip=\skip52
LaTeX Info: Redefining \setlength on input line 80.
LaTeX Info: Redefining \addtolength on input line 81.
\calc@Ccount=\count150
\calc@Cskip=\skip53
)
\c@@todonotes@numberoftodonotes=\count151
)
(/usr/local/texlive/2019/texmf-dist/tex/latex/footmisc/footmisc.sty
Package: footmisc 2011/06/06 v5.5b a miscellany of footnote facilities
\FN@temptoken=\toks39
\footnotemargin=\dimen189
\c@pp@next@reset=\count152


LaTeX Warning: Command \@footnotemark  has changed.
               Check if current package is valid.

Package footmisc Info: Declaring symbol style bringhurst on input line 855.
Package footmisc Info: Declaring symbol style chicago on input line 863.
Package footmisc Info: Declaring symbol style wiley on input line 872.
Package footmisc Info: Declaring symbol style lamport-robust on input line 883.

Package footmisc Info: Declaring symbol style lamport* on input line 903.
Package footmisc Info: Declaring symbol style lamport*-robust on input line 924
.
) (/usr/local/texlive/2019/texmf-dist/tex/latex/oberdiek/hypcap.sty
Package: hypcap 2016/05/16 v1.12 Adjusting the anchors of captions (HO)
)
(./lhcb-symbols-def.tex) (./cite.sty
LaTeX Info: Redefining \cite on input line 302.
LaTeX Info: Redefining \nocite on input line 373.
Package: cite 2010/09/10  v 5.3
)) (./mciteplus.sty
Package: mciteplus 2008/09/30 v1.1 enhanced mcite
\@mcitetmptoksA=\toks40
\@mcitetmpdima=\dimen190
\@mcitetmpdimb=\dimen191
\@mcitetmpcnta=\count153
\@mcitetmpcntb=\count154
\c@mcitebibitemcount=\count155
\c@mcitesubitemcount=\count156

** mciteplus: Detected cite.sty. Invoking hooks.
) (/usr/local/texlive/2019/texmf-dist/tex/latex/tools/longtable.sty
Package: longtable 2014/10/28 v4.11 Multi-page Table package (DPC)+ FMi change
\LTleft=\skip54
\LTright=\skip55
\LTpre=\skip56
\LTpost=\skip57
\LTchunksize=\count157
\LTcapwidth=\dimen192
\LT@head=\box43
\LT@firsthead=\box44
\LT@foot=\box45
\LT@lastfoot=\box46
\LT@cols=\count158
\LT@rows=\count159
\c@LT@tables=\count160
\c@LT@chunks=\count161
\LT@p@ftn=\toks41
)
(/usr/local/texlive/2019/texmf-dist/tex/latex/graphics/rotating.sty
Package: rotating 2016/08/11 v2.16d rotated objects in LaTeX
\c@r@tfl@t=\count162
\rotFPtop=\skip58
\rotFPbot=\skip59
\rot@float@box=\box47
\rot@mess@toks=\toks42
)
(./main.aux

LaTeX Warning: Label `fig:PID2Dpi' multiply defined.

)
\openout1 = `main.aux'.

LaTeX Font Info:    Checking defaults for OML/cmm/m/it on input line 47.
LaTeX Font Info:    ... okay on input line 47.
LaTeX Font Info:    Checking defaults for T1/cmr/m/n on input line 47.
LaTeX Font Info:    ... okay on input line 47.
LaTeX Font Info:    Checking defaults for OT1/cmr/m/n on input line 47.
LaTeX Font Info:    ... okay on input line 47.
LaTeX Font Info:    Checking defaults for OMS/cmsy/m/n on input line 47.
LaTeX Font Info:    ... okay on input line 47.
LaTeX Font Info:    Checking defaults for OMX/cmex/m/n on input line 47.
LaTeX Font Info:    ... okay on input line 47.
LaTeX Font Info:    Checking defaults for U/cmr/m/n on input line 47.
LaTeX Font Info:    ... okay on input line 47.
LaTeX Font Info:    Checking defaults for PD1/pdf/m/n on input line 47.
LaTeX Font Info:    ... okay on input line 47.

*geometry* driver: auto-detecting
*geometry* detected driver: pdftex
*geometry* verbose mode - [ preamble ] result:
* driver: pdftex
* paper: a4paper
* layout: <same size as paper>
* layoutoffset:(h,v)=(0.0pt,0.0pt)
* modes: 
* h-part:(L,W,R)=(72.26999pt, 452.9679pt, 72.26999pt)
* v-part:(T,H,B)=(72.26999pt, 682.43936pt, 90.3375pt)
* \paperwidth=597.50787pt
* \paperheight=845.04684pt
* \textwidth=452.9679pt
* \textheight=682.43936pt
* \oddsidemargin=0.0pt
* \evensidemargin=0.0pt
* \topmargin=-37.0pt
* \headheight=12.0pt
* \headsep=25.0pt
* \topskip=12.0pt
* \footskip=30.0pt
* \marginparwidth=35.0pt
* \marginparsep=10.0pt
* \columnsep=14.22636pt
* \skip\footins=10.8pt plus 4.0pt minus 2.0pt
* \hoffset=0.0pt
* \voffset=0.0pt
* \mag=1000
* \@twocolumnfalse
* \@twosidefalse
* \@mparswitchfalse
* \@reversemarginfalse
* (1in=72.27pt=25.4mm, 1cm=28.453pt)

LaTeX Info: Redefining \microtypecontext on input line 47.
Package microtype Info: Generating PDF output.
Package microtype Info: Character protrusion enabled (level 2).
Package microtype Info: Using default protrusion set `alltext'.
Package microtype Info: Automatic font expansion enabled (level 2),
(microtype)             stretch: 20, shrink: 20, step: 1, non-selected.
Package microtype Info: Using default expansion set `basictext'.
Package microtype Info: No adjustment of tracking.
Package microtype Info: No adjustment of interword spacing.
Package microtype Info: No adjustment of character kerning.
(/usr/local/texlive/2019/texmf-dist/tex/latex/microtype/mt-cmr.cfg
File: mt-cmr.cfg 2013/05/19 v2.2 microtype config. file: Computer Modern Roman 
(RS)
)
Package caption Info: Begin \AtBeginDocument code.
Package caption Info: hyperref package is loaded.
Package caption Info: hypcap package is loaded.
Package caption Info: longtable package is loaded.

(/usr/local/texlive/2019/texmf-dist/tex/latex/caption/ltcaption.sty
Package: ltcaption 2018/08/26 v1.4-95 longtable captions (AR)
)
Package caption Info: rotating package is loaded.
Package caption Info: End \AtBeginDocument code.

(/usr/local/texlive/2019/texmf-dist/tex/context/base/mkii/supp-pdf.mkii
[Loading MPS to PDF converter (version 2006.09.02).]
\scratchcounter=\count163
\scratchdimen=\dimen193
\scratchbox=\box48
\nofMPsegments=\count164
\nofMParguments=\count165
\everyMPshowfont=\toks43
\MPscratchCnt=\count166
\MPscratchDim=\dimen194
\MPnumerator=\count167
\makeMPintoPDFobject=\count168
\everyMPtoPDFconversion=\toks44
) (/usr/local/texlive/2019/texmf-dist/tex/latex/oberdiek/epstopdf-base.sty
Package: epstopdf-base 2016/05/15 v2.6 Base part for package epstopdf

(/usr/local/texlive/2019/texmf-dist/tex/latex/oberdiek/grfext.sty
Package: grfext 2016/05/16 v1.2 Manage graphics extensions (HO)
)
Package epstopdf-base Info: Redefining graphics rule for `.eps' on input line 4
38.
Package grfext Info: Graphics extension search list:
(grfext)             [.pdf,.png,.jpg,.mps,.jpeg,.jbig2,.jb2,.PDF,.PNG,.JPG,.JPE
G,.JBIG2,.JB2,.eps]
(grfext)             \AppendGraphicsExtensions on input line 456.

(/usr/local/texlive/2019/texmf-dist/tex/latex/latexconfig/epstopdf-sys.cfg
File: epstopdf-sys.cfg 2010/07/13 v1.3 Configuration of (r)epstopdf for TeX Liv
e
))
\AtBeginShipoutBox=\box49

(/usr/local/texlive/2019/texmf-dist/tex/generic/oberdiek/se-pdfdoc.def
File: se-pdfdoc.def 2016/05/16 v1.11 stringenc: PDFDocEncoding
)
(/usr/local/texlive/2019/texmf-dist/tex/generic/oberdiek/se-utf8.def
File: se-utf8.def 2016/05/16 v1.11 stringenc: UTF-8
)
Package hyperref Info: Link coloring OFF on input line 47.

(/usr/local/texlive/2019/texmf-dist/tex/latex/hyperref/nameref.sty
Package: nameref 2016/05/21 v2.44 Cross-referencing by name of section

(/usr/local/texlive/2019/texmf-dist/tex/generic/oberdiek/gettitlestring.sty
Package: gettitlestring 2016/05/16 v1.5 Cleanup title references (HO)
)
\c@section@level=\count169
)
LaTeX Info: Redefining \ref on input line 47.
LaTeX Info: Redefining \pageref on input line 47.
LaTeX Info: Redefining \nameref on input line 47.

(./main.out) (./main.out)
\@outlinefile=\write4
\openout4 = `main.out'.

 ABD: EveryShipout initializing macros

Package todonotes Warning: The length marginparwidth is less than 2cm and will 
most likely cause issues with the appearance of inserted todonotes. The issue c
an be solved by adding a line like \setlength {\marginparwidth }{2cm} prior to 
loading the todonotes package. on input line 47.

(./title-LHCb-ANA.tex
LaTeX Font Info:    Try loading font information for U+msa on input line 17.

(/usr/local/texlive/2019/texmf-dist/tex/latex/amsfonts/umsa.fd
File: umsa.fd 2013/01/14 v3.01 AMS symbols A
)
(/usr/local/texlive/2019/texmf-dist/tex/latex/microtype/mt-msa.cfg
File: mt-msa.cfg 2006/02/04 v1.1 microtype config. file: AMS symbols (a) (RS)
)
LaTeX Font Info:    Try loading font information for U+msb on input line 17.

(/usr/local/texlive/2019/texmf-dist/tex/latex/amsfonts/umsb.fd
File: umsb.fd 2013/01/14 v3.01 AMS symbols B
)
(/usr/local/texlive/2019/texmf-dist/tex/latex/microtype/mt-msb.cfg
File: mt-msb.cfg 2005/06/01 v1.0 microtype config. file: AMS symbols (b) (RS)
)
(/usr/local/texlive/2019/texmf-dist/tex/latex/microtype/mt-eur.cfg
File: mt-eur.cfg 2006/07/31 v1.1 microtype config. file: AMS Euler Roman (RS)
)
<figs/lhcb-logo.pdf, id=95, 1424.32124pt x 855.195pt>
File: figs/lhcb-logo.pdf Graphic file (type pdf)
<use figs/lhcb-logo.pdf>
Package pdftex.def Info: figs/lhcb-logo.pdf  used on input line 20.
(pdftex.def)             Requested size: 63.41522pt x 38.06453pt.
 [1

{/usr/local/texlive/2019/texmf-var/fonts/map/pdftex/updmap/pdftex.map} <./figs/
lhcb-logo.pdf>]
LaTeX Font Info:    Try loading font information for OMS+cmr on input line 84.
 (/usr/local/texlive/2019/texmf-dist/tex/latex/base/omscmr.fd
File: omscmr.fd 2014/09/29 v2.5h Standard LaTeX font definitions
)
LaTeX Font Info:    Font shape `OMS/cmr/m/n' in size <12> not available
(Font)              Font shape `OMS/cmsy/m/n' tried instead on input line 84.
pdfTeX warning (ext4): destination with the same identifier (name{page.1}) has 
been already used, duplicate ignored
<to be read again> 
                   \relax 
l.95 \newpage
              [1] [2]) (./main.toc)
\tf@toc=\write5
\openout5 = `main.toc'.

 [3

] (./introduction.tex
Package microtype Info: Loading generic protrusion settings for font family
(microtype)             `cmss' (encoding: OT1).
(microtype)             For optimal results, create family-specific settings.
(microtype)             See the microtype manual for details.
pdfTeX warning (ext4): destination with the same identifier (name{page.1}) has 
been already used, duplicate ignored
<to be read again> 
                   \relax 
l.38 
      [1

]

LaTeX Warning: Command \textless invalid in math mode on input line 45.

LaTeX Font Info:    Try loading font information for OML+cmr on input line 45.
(/usr/local/texlive/2019/texmf-dist/tex/latex/base/omlcmr.fd
File: omlcmr.fd 2014/09/29 v2.5h Standard LaTeX font definitions
)
LaTeX Font Info:    Font shape `OML/cmr/m/n' in size <12> not available
(Font)              Font shape `OML/cmm/m/it' tried instead on input line 45.


LaTeX Warning: Command \textless invalid in math mode on input line 45.


LaTeX Warning: Command \textless invalid in math mode on input line 45.


LaTeX Warning: Command \textless invalid in math mode on input line 45.

) (./dataset.tex
<./figs/plead1.jpg, id=154, 1560.83125pt x 770.88pt>
File: ./figs/plead1.jpg Graphic file (type jpg)
<use ./figs/plead1.jpg>
Package pdftex.def Info: ./figs/plead1.jpg  used on input line 12.
(pdftex.def)             Requested size: 217.42265pt x 107.38138pt.
<./figs/plead2.jpg, id=155, 602.85225pt x 252.945pt>
File: ./figs/plead2.jpg Graphic file (type jpg)
<use ./figs/plead2.jpg>
Package pdftex.def Info: ./figs/plead2.jpg  used on input line 13.
(pdftex.def)             Requested size: 217.42265pt x 91.22609pt.


LaTeX Font Warning: Command \tiny invalid in math mode on input line 26.


LaTeX Font Warning: Command \tiny invalid in math mode on input line 26.

pdfTeX warning (ext4): destination with the same identifier (name{page.2}) has 
been already used, duplicate ignored
<to be read again> 
                   \relax 
l.26 \end{align*}
                  [2 <./figs/plead1.jpg> <./figs/plead2.jpg>]
Package microtype Info: Loading generic protrusion settings for font family
(microtype)             `cmtt' (encoding: OT1).
(microtype)             For optimal results, create family-specific settings.
(microtype)             See the microtype manual for details.


LaTeX Warning: Reference `rab:HLT1' on page 3 undefined on input line 39.


LaTeX Font Warning: Command \tiny invalid in math mode on input line 109.


LaTeX Font Warning: Command \tiny invalid in math mode on input line 109.

pdfTeX warning (ext4): destination with the same identifier (name{page.3}) has 
been already used, duplicate ignored
<to be read again> 
                   \relax 
l.109 \end{align*}
                   [3]

LaTeX Font Warning: Command \tiny invalid in math mode on input line 118.


LaTeX Font Warning: Command \tiny invalid in math mode on input line 118.

[4]) (./variable.tex

LaTeX Warning: Citation `Aaij:1951625' on page 5 undefined on input line 32.

[5]) (./yield.tex
<./figs/plots/Lc_mass_total1/mass_best.pdf, id=195, 569.12625pt x 408.52625pt>
File: ./figs/plots/Lc_mass_total1/mass_best.pdf Graphic file (type pdf)
<use ./figs/plots/Lc_mass_total1/mass_best.pdf>
Package pdftex.def Info: ./figs/plots/Lc_mass_total1/mass_best.pdf  used on inp
ut line 36.
(pdftex.def)             Requested size: 217.42265pt x 156.07065pt.
<./figs/plots/Lc_mass_total2/mass_best.pdf, id=196, 569.12625pt x 408.52625pt>
File: ./figs/plots/Lc_mass_total2/mass_best.pdf Graphic file (type pdf)
<use ./figs/plots/Lc_mass_total2/mass_best.pdf>
Package pdftex.def Info: ./figs/plots/Lc_mass_total2/mass_best.pdf  used on inp
ut line 37.
(pdftex.def)             Requested size: 217.42265pt x 156.07065pt.


LaTeX Warning: Reference `app:yields' on page 6 undefined on input line 48.

<./figs/plots/Lc_mass_fit_fix1/mass_2_2.pdf, id=199, 569.12625pt x 408.52625pt>

File: ./figs/plots/Lc_mass_fit_fix1/mass_2_2.pdf Graphic file (type pdf)
<use ./figs/plots/Lc_mass_fit_fix1/mass_2_2.pdf>
Package pdftex.def Info: ./figs/plots/Lc_mass_fit_fix1/mass_2_2.pdf  used on in
put line 51.
(pdftex.def)             Requested size: 217.42265pt x 156.07065pt.
<./figs/plots/Lc_mass_fit_fix2/mass_2_2.pdf, id=200, 569.12625pt x 408.52625pt>

File: ./figs/plots/Lc_mass_fit_fix2/mass_2_2.pdf Graphic file (type pdf)
<use ./figs/plots/Lc_mass_fit_fix2/mass_2_2.pdf>
Package pdftex.def Info: ./figs/plots/Lc_mass_fit_fix2/mass_2_2.pdf  used on in
put line 52.
(pdftex.def)             Requested size: 217.42265pt x 156.07065pt.

LaTeX Warning: Citation `Pivk:200ty' on page 6 undefined on input line 68.

[6] [7 <./figs/plots/Lc_mass_total1/mass_best.pdf, page is rotated 90 degrees> 
<./figs/plots/Lc_mass_total2/mass_best.pdf, page is rotated 90 degrees> <./figs
/plots/Lc_mass_fit_fix1/mass_2_2.pdf, page is rotated 90 degrees> <./figs/plots
/Lc_mass_fit_fix2/mass_2_2.pdf, page is rotated 90 degrees>]

LaTeX Font Warning: Command \tiny invalid in math mode on input line 82.

<./figs/plots/Lc_ip_MC1/Bukin_mcp_best.pdf, id=398, 569.12625pt x 408.52625pt>
File: ./figs/plots/Lc_ip_MC1/Bukin_mcp_best.pdf Graphic file (type pdf)
<use ./figs/plots/Lc_ip_MC1/Bukin_mcp_best.pdf>
Package pdftex.def Info: ./figs/plots/Lc_ip_MC1/Bukin_mcp_best.pdf  used on inp
ut line 93.
(pdftex.def)             Requested size: 217.42265pt x 156.07065pt.
<./figs/plots/Lc_ip_MC2/Bukin_mcp_best.pdf, id=399, 569.12625pt x 408.52625pt>
File: ./figs/plots/Lc_ip_MC2/Bukin_mcp_best.pdf Graphic file (type pdf)
<use ./figs/plots/Lc_ip_MC2/Bukin_mcp_best.pdf>
Package pdftex.def Info: ./figs/plots/Lc_ip_MC2/Bukin_mcp_best.pdf  used on inp
ut line 94.
(pdftex.def)             Requested size: 217.42265pt x 156.07065pt.
<./figs/plots/Lc_ip_MC1/Bukin_mcb_best.pdf, id=400, 569.12625pt x 408.52625pt>
File: ./figs/plots/Lc_ip_MC1/Bukin_mcb_best.pdf Graphic file (type pdf)
<use ./figs/plots/Lc_ip_MC1/Bukin_mcb_best.pdf>
Package pdftex.def Info: ./figs/plots/Lc_ip_MC1/Bukin_mcb_best.pdf  used on inp
ut line 104.
(pdftex.def)             Requested size: 217.42265pt x 156.07065pt.
<./figs/plots/Lc_ip_MC2/Bukin_mcb_best.pdf, id=401, 569.12625pt x 408.52625pt>
File: ./figs/plots/Lc_ip_MC2/Bukin_mcb_best.pdf Graphic file (type pdf)
<use ./figs/plots/Lc_ip_MC2/Bukin_mcb_best.pdf>
Package pdftex.def Info: ./figs/plots/Lc_ip_MC2/Bukin_mcb_best.pdf  used on inp
ut line 105.
(pdftex.def)             Requested size: 217.42265pt x 156.07065pt.

Underfull \hbox (badness 1248) in paragraph at lines 113--123
[]\OT1/cmr/m/n/12 (+20) From the fit of sec-ond step, the prompt $\OML/cmm/m/it
/12 ^^C[]$ \OT1/cmr/m/n/12 (+20) yield yield in sig-nal win-dow
 []

[8 <./figs/plots/Lc_ip_MC1/Bukin_mcp_best.pdf, page is rotated 90 degrees> <./f
igs/plots/Lc_ip_MC2/Bukin_mcp_best.pdf, page is rotated 90 degrees> <./figs/plo
ts/Lc_ip_MC1/Bukin_mcb_best.pdf, page is rotated 90 degrees> <./figs/plots/Lc_i
p_MC2/Bukin_mcb_best.pdf, page is rotated 90 degrees>]
<./figs/plots/Lc_Prompt1.pdf, id=587, 569.12625pt x 408.52625pt>
File: ./figs/plots/Lc_Prompt1.pdf Graphic file (type pdf)
<use ./figs/plots/Lc_Prompt1.pdf>
Package pdftex.def Info: ./figs/plots/Lc_Prompt1.pdf  used on input line 126.
(pdftex.def)             Requested size: 217.42265pt x 156.07065pt.
<./figs/plots/Lc_Prompt2.pdf, id=588, 569.12625pt x 408.52625pt>
File: ./figs/plots/Lc_Prompt2.pdf Graphic file (type pdf)
<use ./figs/plots/Lc_Prompt2.pdf>
Package pdftex.def Info: ./figs/plots/Lc_Prompt2.pdf  used on input line 127.
(pdftex.def)             Requested size: 217.42265pt x 156.07065pt.
<./figs/plots/Lc_Fraction1.pdf, id=589, 569.12625pt x 408.52625pt>
File: ./figs/plots/Lc_Fraction1.pdf Graphic file (type pdf)
<use ./figs/plots/Lc_Fraction1.pdf>
Package pdftex.def Info: ./figs/plots/Lc_Fraction1.pdf  used on input line 137.

(pdftex.def)             Requested size: 217.42265pt x 156.07065pt.
<./figs/plots/Lc_Fraction2.pdf, id=590, 569.12625pt x 408.52625pt>
File: ./figs/plots/Lc_Fraction2.pdf Graphic file (type pdf)
<use ./figs/plots/Lc_Fraction2.pdf>
Package pdftex.def Info: ./figs/plots/Lc_Fraction2.pdf  used on input line 138.

(pdftex.def)             Requested size: 217.42265pt x 156.07065pt.
 [9 <./figs/plots/Lc_Prompt1.pdf, page is rotated 90 degrees> <./figs/plots/Lc_
Prompt2.pdf, page is rotated 90 degrees> <./figs/plots/Lc_Fraction1.pdf, page i
s rotated 90 degrees> <./figs/plots/Lc_Fraction2.pdf, page is rotated 90 degree
s>]) (./efficiency.tex
<./figs/plots/Lc_comparison/nVeloClusters1.pdf, id=774, 569.12625pt x 408.52625
pt>
File: ./figs/plots/Lc_comparison/nVeloClusters1.pdf Graphic file (type pdf)
<use ./figs/plots/Lc_comparison/nVeloClusters1.pdf>
Package pdftex.def Info: ./figs/plots/Lc_comparison/nVeloClusters1.pdf  used on
 input line 50.
(pdftex.def)             Requested size: 203.83417pt x 146.31506pt.
<./figs/plots/Lc_comparison/nVeloClusters2.pdf, id=775, 569.12625pt x 408.52625
pt>
File: ./figs/plots/Lc_comparison/nVeloClusters2.pdf Graphic file (type pdf)
<use ./figs/plots/Lc_comparison/nVeloClusters2.pdf>
Package pdftex.def Info: ./figs/plots/Lc_comparison/nVeloClusters2.pdf  used on
 input line 51.
(pdftex.def)             Requested size: 203.83417pt x 146.31506pt.
<./figs/plots/Lc_comparison/nLongTracks1.pdf, id=776, 569.12625pt x 408.52625pt
>
File: ./figs/plots/Lc_comparison/nLongTracks1.pdf Graphic file (type pdf)
<use ./figs/plots/Lc_comparison/nLongTracks1.pdf>
Package pdftex.def Info: ./figs/plots/Lc_comparison/nLongTracks1.pdf  used on i
nput line 53.
(pdftex.def)             Requested size: 203.83417pt x 146.31506pt.
<./figs/plots/Lc_comparison/nLongTracks2.pdf, id=777, 569.12625pt x 408.52625pt
>
File: ./figs/plots/Lc_comparison/nLongTracks2.pdf Graphic file (type pdf)
<use ./figs/plots/Lc_comparison/nLongTracks2.pdf>
Package pdftex.def Info: ./figs/plots/Lc_comparison/nLongTracks2.pdf  used on i
nput line 54.
(pdftex.def)             Requested size: 203.83417pt x 146.31506pt.
<./figs/plots/Lc_comparison/nTTClusters1.pdf, id=778, 569.12625pt x 408.52625pt
>
File: ./figs/plots/Lc_comparison/nTTClusters1.pdf Graphic file (type pdf)
<use ./figs/plots/Lc_comparison/nTTClusters1.pdf>
Package pdftex.def Info: ./figs/plots/Lc_comparison/nTTClusters1.pdf  used on i
nput line 56.
(pdftex.def)             Requested size: 203.83417pt x 146.31506pt.
<./figs/plots/Lc_comparison/nTTClusters2.pdf, id=779, 569.12625pt x 408.52625pt
>
File: ./figs/plots/Lc_comparison/nTTClusters2.pdf Graphic file (type pdf)
<use ./figs/plots/Lc_comparison/nTTClusters2.pdf>
Package pdftex.def Info: ./figs/plots/Lc_comparison/nTTClusters2.pdf  used on i
nput line 57.
(pdftex.def)             Requested size: 203.83417pt x 146.31506pt.
<./figs/plots/Lc_comparison/Lc_PT1.pdf, id=780, 569.12625pt x 408.52625pt>
File: ./figs/plots/Lc_comparison/Lc_PT1.pdf Graphic file (type pdf)
<use ./figs/plots/Lc_comparison/Lc_PT1.pdf>
Package pdftex.def Info: ./figs/plots/Lc_comparison/Lc_PT1.pdf  used on input l
ine 68.
(pdftex.def)             Requested size: 203.83417pt x 146.31506pt.
<./figs/plots/Lc_comparison/Lc_PT2.pdf, id=781, 569.12625pt x 408.52625pt>
File: ./figs/plots/Lc_comparison/Lc_PT2.pdf Graphic file (type pdf)
<use ./figs/plots/Lc_comparison/Lc_PT2.pdf>
Package pdftex.def Info: ./figs/plots/Lc_comparison/Lc_PT2.pdf  used on input l
ine 69.
(pdftex.def)             Requested size: 203.83417pt x 146.31506pt.
<./figs/plots/Lc_comparison/Lc_Ystar1.pdf, id=782, 569.12625pt x 408.52625pt>
File: ./figs/plots/Lc_comparison/Lc_Ystar1.pdf Graphic file (type pdf)
<use ./figs/plots/Lc_comparison/Lc_Ystar1.pdf>
Package pdftex.def Info: ./figs/plots/Lc_comparison/Lc_Ystar1.pdf  used on inpu
t line 71.
(pdftex.def)             Requested size: 203.83417pt x 146.31506pt.
<./figs/plots/Lc_comparison/Lc_Ystar2.pdf, id=783, 569.12625pt x 408.52625pt>
File: ./figs/plots/Lc_comparison/Lc_Ystar2.pdf Graphic file (type pdf)
<use ./figs/plots/Lc_comparison/Lc_Ystar2.pdf>
Package pdftex.def Info: ./figs/plots/Lc_comparison/Lc_Ystar2.pdf  used on inpu
t line 72.
(pdftex.def)             Requested size: 203.83417pt x 146.31506pt.
<./figs/plots/Lc_comparison/Lc_dalitz_original1.pdf, id=784, 569.12625pt x 408.
52625pt>
File: ./figs/plots/Lc_comparison/Lc_dalitz_original1.pdf Graphic file (type pdf
)
<use ./figs/plots/Lc_comparison/Lc_dalitz_original1.pdf>
Package pdftex.def Info: ./figs/plots/Lc_comparison/Lc_dalitz_original1.pdf  us
ed on input line 82.
(pdftex.def)             Requested size: 203.83417pt x 146.31506pt.
<./figs/plots/Lc_comparison/Lc_dalitz_original2.pdf, id=785, 569.12625pt x 408.
52625pt>
File: ./figs/plots/Lc_comparison/Lc_dalitz_original2.pdf Graphic file (type pdf
)
<use ./figs/plots/Lc_comparison/Lc_dalitz_original2.pdf>
Package pdftex.def Info: ./figs/plots/Lc_comparison/Lc_dalitz_original2.pdf  us
ed on input line 83.
(pdftex.def)             Requested size: 203.83417pt x 146.31506pt.
<./figs/plots/Lc_comparison/Lc_dalitz_reweight1.pdf, id=786, 569.12625pt x 408.
52625pt>
File: ./figs/plots/Lc_comparison/Lc_dalitz_reweight1.pdf Graphic file (type pdf
)
<use ./figs/plots/Lc_comparison/Lc_dalitz_reweight1.pdf>
Package pdftex.def Info: ./figs/plots/Lc_comparison/Lc_dalitz_reweight1.pdf  us
ed on input line 85.
(pdftex.def)             Requested size: 203.83417pt x 146.31506pt.
<./figs/plots/Lc_comparison/Lc_dalitz_reweight2.pdf, id=787, 569.12625pt x 408.
52625pt>
File: ./figs/plots/Lc_comparison/Lc_dalitz_reweight2.pdf Graphic file (type pdf
)
<use ./figs/plots/Lc_comparison/Lc_dalitz_reweight2.pdf>
Package pdftex.def Info: ./figs/plots/Lc_comparison/Lc_dalitz_reweight2.pdf  us
ed on input line 86.
(pdftex.def)             Requested size: 203.83417pt x 146.31506pt.
<./figs/plots/Lc_comparison/Lc_dalitz_data1.pdf, id=788, 569.12625pt x 408.5262
5pt>
File: ./figs/plots/Lc_comparison/Lc_dalitz_data1.pdf Graphic file (type pdf)
<use ./figs/plots/Lc_comparison/Lc_dalitz_data1.pdf>
Package pdftex.def Info: ./figs/plots/Lc_comparison/Lc_dalitz_data1.pdf  used o
n input line 88.
(pdftex.def)             Requested size: 203.83417pt x 146.31506pt.
<./figs/plots/Lc_comparison/Lc_dalitz_data2.pdf, id=789, 569.12625pt x 408.5262
5pt>
File: ./figs/plots/Lc_comparison/Lc_dalitz_data2.pdf Graphic file (type pdf)
<use ./figs/plots/Lc_comparison/Lc_dalitz_data2.pdf>
Package pdftex.def Info: ./figs/plots/Lc_comparison/Lc_dalitz_data2.pdf  used o
n input line 89.
(pdftex.def)             Requested size: 203.83417pt x 146.31506pt.


LaTeX Warning: Reference `tab:eff_acc1' on page 10 undefined on input line 106.



LaTeX Warning: Reference `tab:eff_acc2' on page 10 undefined on input line 106.



LaTeX Warning: Reference `app:efficiency' on page 10 undefined on input line 10
6.

<./figs/plots/Lc_Acc1.pdf, id=792, 569.12625pt x 408.52625pt>
File: ./figs/plots/Lc_Acc1.pdf Graphic file (type pdf)
<use ./figs/plots/Lc_Acc1.pdf>
Package pdftex.def Info: ./figs/plots/Lc_Acc1.pdf  used on input line 109.
(pdftex.def)             Requested size: 203.83417pt x 146.31506pt.
<./figs/plots/Lc_Acc2.pdf, id=793, 569.12625pt x 408.52625pt>
File: ./figs/plots/Lc_Acc2.pdf Graphic file (type pdf)
<use ./figs/plots/Lc_Acc2.pdf>
Package pdftex.def Info: ./figs/plots/Lc_Acc2.pdf  used on input line 110.
(pdftex.def)             Requested size: 203.83417pt x 146.31506pt.
[10

]
<./figs/fit_pA.pdf, id=809, 569.12625pt x 217.81375pt>
File: ./figs/fit_pA.pdf Graphic file (type pdf)
<use ./figs/fit_pA.pdf>
Package pdftex.def Info: ./figs/fit_pA.pdf  used on input line 151.
(pdftex.def)             Requested size: 407.66833pt x 156.0281pt.
<./figs/fit_Ap.pdf, id=810, 569.12625pt x 217.81375pt>
File: ./figs/fit_Ap.pdf Graphic file (type pdf)
<use ./figs/fit_Ap.pdf>
Package pdftex.def Info: ./figs/fit_Ap.pdf  used on input line 153.
(pdftex.def)             Requested size: 407.66833pt x 156.0281pt.
 [11 <./figs/plots/Lc_comparison/nVeloClusters1.pdf, page is rotated 90 degrees
> <./figs/plots/Lc_comparison/nVeloClusters2.pdf, page is rotated 90 degrees> <
./figs/plots/Lc_comparison/nLongTracks1.pdf, page is rotated 90 degrees> <./fig
s/plots/Lc_comparison/nLongTracks2.pdf, page is rotated 90 degrees> <./figs/plo
ts/Lc_comparison/nTTClusters1.pdf, page is rotated 90 degrees> <./figs/plots/Lc
_comparison/nTTClusters2.pdf, page is rotated 90 degrees>]

LaTeX Warning: Citation `LHCb-PUB-2011-025' on page 12 undefined on input line 
164.

<./figs/tracking_table_pA.pdf, id=1075, 569.12625pt x 414.54875pt>
File: ./figs/tracking_table_pA.pdf Graphic file (type pdf)
<use ./figs/tracking_table_pA.pdf>
Package pdftex.def Info: ./figs/tracking_table_pA.pdf  used on input line 178.
(pdftex.def)             Requested size: 203.83417pt x 148.47205pt.
<./figs/tracking_table_Ap.pdf, id=1076, 569.12625pt x 414.54875pt>
File: ./figs/tracking_table_Ap.pdf Graphic file (type pdf)
<use ./figs/tracking_table_Ap.pdf>
Package pdftex.def Info: ./figs/tracking_table_Ap.pdf  used on input line 179.
(pdftex.def)             Requested size: 203.83417pt x 148.47205pt.

LaTeX Warning: Reference `tab:eff_sel1' on page 12 undefined on input line 188.



LaTeX Warning: Reference `tab:eff_sel2' on page 12 undefined on input line 188.


<./figs/plots/Lc_Sel1.pdf, id=1078, 569.12625pt x 408.52625pt>
File: ./figs/plots/Lc_Sel1.pdf Graphic file (type pdf)
<use ./figs/plots/Lc_Sel1.pdf>
Package pdftex.def Info: ./figs/plots/Lc_Sel1.pdf  used on input line 191.
(pdftex.def)             Requested size: 203.83417pt x 146.31506pt.
<./figs/plots/Lc_Sel2.pdf, id=1079, 569.12625pt x 408.52625pt>
File: ./figs/plots/Lc_Sel2.pdf Graphic file (type pdf)
<use ./figs/plots/Lc_Sel2.pdf>
Package pdftex.def Info: ./figs/plots/Lc_Sel2.pdf  used on input line 192.
(pdftex.def)             Requested size: 203.83417pt x 146.31506pt.
[12 <./figs/plots/Lc_comparison/Lc_PT1.pdf, page is rotated 90 degrees> <./figs
/plots/Lc_comparison/Lc_PT2.pdf, page is rotated 90 degrees> <./figs/plots/Lc_c
omparison/Lc_Ystar1.pdf, page is rotated 90 degrees> <./figs/plots/Lc_compariso
n/Lc_Ystar2.pdf, page is rotated 90 degrees>] [13 <./figs/plots/Lc_comparison/L
c_dalitz_original1.pdf, page is rotated 90 degrees> <./figs/plots/Lc_comparison
/Lc_dalitz_original2.pdf, page is rotated 90 degrees> <./figs/plots/Lc_comparis
on/Lc_dalitz_reweight1.pdf, page is rotated 90 degrees> <./figs/plots/Lc_compar
ison/Lc_dalitz_reweight2.pdf, page is rotated 90 degrees> <./figs/plots/Lc_comp
arison/Lc_dalitz_data1.pdf, page is rotated 90 degrees> <./figs/plots/Lc_compar
ison/Lc_dalitz_data2.pdf, page is rotated 90 degrees> <./figs/plots/Lc_Acc1.pdf
, page is rotated 90 degrees> <./figs/plots/Lc_Acc2.pdf, page is rotated 90 deg
rees>] [14 <./figs/fit_pA.pdf, page is rotated 90 degrees> <./figs/fit_Ap.pdf, 
page is rotated 90 degrees> <./figs/tracking_table_pA.pdf, page is rotated 90 d
egrees> <./figs/tracking_table_Ap.pdf, page is rotated 90 degrees>]
<./figs/PID/K_Total_pA.pdf, id=1792, 569.12625pt x 408.52625pt>
File: ./figs/PID/K_Total_pA.pdf Graphic file (type pdf)
<use ./figs/PID/K_Total_pA.pdf>
Package pdftex.def Info: ./figs/PID/K_Total_pA.pdf  used on input line 236.
(pdftex.def)             Requested size: 203.83417pt x 146.31506pt.
<./figs/PID/K_Total_Ap.pdf, id=1793, 569.12625pt x 408.52625pt>
File: ./figs/PID/K_Total_Ap.pdf Graphic file (type pdf)
<use ./figs/PID/K_Total_Ap.pdf>
Package pdftex.def Info: ./figs/PID/K_Total_Ap.pdf  used on input line 237.
(pdftex.def)             Requested size: 203.83417pt x 146.31506pt.
<./figs/PID/K_Passed_pA.pdf, id=1794, 569.12625pt x 408.52625pt>
File: ./figs/PID/K_Passed_pA.pdf Graphic file (type pdf)
<use ./figs/PID/K_Passed_pA.pdf>
Package pdftex.def Info: ./figs/PID/K_Passed_pA.pdf  used on input line 239.
(pdftex.def)             Requested size: 203.83417pt x 146.31506pt.
<./figs/PID/K_Passed_Ap.pdf, id=1795, 569.12625pt x 408.52625pt>
File: ./figs/PID/K_Passed_Ap.pdf Graphic file (type pdf)
<use ./figs/PID/K_Passed_Ap.pdf>
Package pdftex.def Info: ./figs/PID/K_Passed_Ap.pdf  used on input line 240.
(pdftex.def)             Requested size: 203.83417pt x 146.31506pt.
<./figs/PID/Pi_Total_pA.pdf, id=1796, 569.12625pt x 408.52625pt>
File: ./figs/PID/Pi_Total_pA.pdf Graphic file (type pdf)
<use ./figs/PID/Pi_Total_pA.pdf>
Package pdftex.def Info: ./figs/PID/Pi_Total_pA.pdf  used on input line 251.
(pdftex.def)             Requested size: 203.83417pt x 146.31506pt.
<./figs/PID/Pi_Total_Ap.pdf, id=1797, 569.12625pt x 408.52625pt>
File: ./figs/PID/Pi_Total_Ap.pdf Graphic file (type pdf)
<use ./figs/PID/Pi_Total_Ap.pdf>
Package pdftex.def Info: ./figs/PID/Pi_Total_Ap.pdf  used on input line 252.
(pdftex.def)             Requested size: 203.83417pt x 146.31506pt.
<./figs/PID/Pi_Passed_pA.pdf, id=1798, 569.12625pt x 408.52625pt>
File: ./figs/PID/Pi_Passed_pA.pdf Graphic file (type pdf)
<use ./figs/PID/Pi_Passed_pA.pdf>
Package pdftex.def Info: ./figs/PID/Pi_Passed_pA.pdf  used on input line 254.
(pdftex.def)             Requested size: 203.83417pt x 146.31506pt.
<./figs/PID/Pi_Passed_Ap.pdf, id=1799, 569.12625pt x 408.52625pt>
File: ./figs/PID/Pi_Passed_Ap.pdf Graphic file (type pdf)
<use ./figs/PID/Pi_Passed_Ap.pdf>
Package pdftex.def Info: ./figs/PID/Pi_Passed_Ap.pdf  used on input line 255.
(pdftex.def)             Requested size: 203.83417pt x 146.31506pt.
<./figs/PID/P_Total_pA.pdf, id=1800, 569.12625pt x 408.52625pt>
File: ./figs/PID/P_Total_pA.pdf Graphic file (type pdf)
<use ./figs/PID/P_Total_pA.pdf>
Package pdftex.def Info: ./figs/PID/P_Total_pA.pdf  used on input line 266.
(pdftex.def)             Requested size: 203.83417pt x 146.31506pt.
<./figs/PID/P_Total_Ap.pdf, id=1801, 569.12625pt x 408.52625pt>
File: ./figs/PID/P_Total_Ap.pdf Graphic file (type pdf)
<use ./figs/PID/P_Total_Ap.pdf>
Package pdftex.def Info: ./figs/PID/P_Total_Ap.pdf  used on input line 267.
(pdftex.def)             Requested size: 203.83417pt x 146.31506pt.
<./figs/PID/P_Passed_pA.pdf, id=1802, 569.12625pt x 408.52625pt>
File: ./figs/PID/P_Passed_pA.pdf Graphic file (type pdf)
<use ./figs/PID/P_Passed_pA.pdf>
Package pdftex.def Info: ./figs/PID/P_Passed_pA.pdf  used on input line 269.
(pdftex.def)             Requested size: 203.83417pt x 146.31506pt.
<./figs/PID/P_Passed_Ap.pdf, id=1803, 569.12625pt x 408.52625pt>
File: ./figs/PID/P_Passed_Ap.pdf Graphic file (type pdf)
<use ./figs/PID/P_Passed_Ap.pdf>
Package pdftex.def Info: ./figs/PID/P_Passed_Ap.pdf  used on input line 270.
(pdftex.def)             Requested size: 203.83417pt x 146.31506pt.
<./figs/PID/K_PID_p_eta_pA.pdf, id=1806, 569.12625pt x 408.52625pt>
File: ./figs/PID/K_PID_p_eta_pA.pdf Graphic file (type pdf)
<use ./figs/PID/K_PID_p_eta_pA.pdf>
Package pdftex.def Info: ./figs/PID/K_PID_p_eta_pA.pdf  used on input line 284.

(pdftex.def)             Requested size: 203.83417pt x 146.31506pt.
<./figs/PID/K_PID_p_eta_Ap.pdf, id=1807, 569.12625pt x 408.52625pt>
File: ./figs/PID/K_PID_p_eta_Ap.pdf Graphic file (type pdf)
<use ./figs/PID/K_PID_p_eta_Ap.pdf>
Package pdftex.def Info: ./figs/PID/K_PID_p_eta_Ap.pdf  used on input line 285.

(pdftex.def)             Requested size: 203.83417pt x 146.31506pt.
<./figs/PID/K_PID_nv_pA.pdf, id=1808, 569.12625pt x 408.52625pt>
File: ./figs/PID/K_PID_nv_pA.pdf Graphic file (type pdf)
<use ./figs/PID/K_PID_nv_pA.pdf>
Package pdftex.def Info: ./figs/PID/K_PID_nv_pA.pdf  used on input line 287.
(pdftex.def)             Requested size: 203.83417pt x 146.31506pt.
<./figs/PID/K_PID_nv_Ap.pdf, id=1809, 569.12625pt x 408.52625pt>
File: ./figs/PID/K_PID_nv_Ap.pdf Graphic file (type pdf)
<use ./figs/PID/K_PID_nv_Ap.pdf>
Package pdftex.def Info: ./figs/PID/K_PID_nv_Ap.pdf  used on input line 288.
(pdftex.def)             Requested size: 203.83417pt x 146.31506pt.
<./figs/PID/Pi_PID_p_eta_pA.pdf, id=1810, 569.12625pt x 408.52625pt>
File: ./figs/PID/Pi_PID_p_eta_pA.pdf Graphic file (type pdf)
<use ./figs/PID/Pi_PID_p_eta_pA.pdf>
Package pdftex.def Info: ./figs/PID/Pi_PID_p_eta_pA.pdf  used on input line 298
.
(pdftex.def)             Requested size: 203.83417pt x 146.31506pt.
<./figs/PID/Pi_PID_p_eta_Ap.pdf, id=1811, 569.12625pt x 408.52625pt>
File: ./figs/PID/Pi_PID_p_eta_Ap.pdf Graphic file (type pdf)
<use ./figs/PID/Pi_PID_p_eta_Ap.pdf>
Package pdftex.def Info: ./figs/PID/Pi_PID_p_eta_Ap.pdf  used on input line 299
.
(pdftex.def)             Requested size: 203.83417pt x 146.31506pt.
<./figs/PID/Pi_PID_nv_pA.pdf, id=1812, 569.12625pt x 408.52625pt>
File: ./figs/PID/Pi_PID_nv_pA.pdf Graphic file (type pdf)
<use ./figs/PID/Pi_PID_nv_pA.pdf>
Package pdftex.def Info: ./figs/PID/Pi_PID_nv_pA.pdf  used on input line 301.
(pdftex.def)             Requested size: 203.83417pt x 146.31506pt.
<./figs/PID/Pi_PID_nv_Ap.pdf, id=1813, 569.12625pt x 408.52625pt>
File: ./figs/PID/Pi_PID_nv_Ap.pdf Graphic file (type pdf)
<use ./figs/PID/Pi_PID_nv_Ap.pdf>
Package pdftex.def Info: ./figs/PID/Pi_PID_nv_Ap.pdf  used on input line 302.
(pdftex.def)             Requested size: 203.83417pt x 146.31506pt.


LaTeX Warning: Reference `fig:PID2Dp' on page 15 undefined on input line 313.

<./figs/PID/P_PID_p_eta_pA.pdf, id=1814, 569.12625pt x 408.52625pt>
File: ./figs/PID/P_PID_p_eta_pA.pdf Graphic file (type pdf)
<use ./figs/PID/P_PID_p_eta_pA.pdf>
Package pdftex.def Info: ./figs/PID/P_PID_p_eta_pA.pdf  used on input line 319.

(pdftex.def)             Requested size: 203.83417pt x 146.31506pt.
<./figs/PID/P_PID_p_eta_Ap.pdf, id=1815, 569.12625pt x 408.52625pt>
File: ./figs/PID/P_PID_p_eta_Ap.pdf Graphic file (type pdf)
<use ./figs/PID/P_PID_p_eta_Ap.pdf>
Package pdftex.def Info: ./figs/PID/P_PID_p_eta_Ap.pdf  used on input line 320.

(pdftex.def)             Requested size: 203.83417pt x 146.31506pt.
<./figs/PID/P_PID_nv_pA.pdf, id=1816, 569.12625pt x 408.52625pt>
File: ./figs/PID/P_PID_nv_pA.pdf Graphic file (type pdf)
<use ./figs/PID/P_PID_nv_pA.pdf>
Package pdftex.def Info: ./figs/PID/P_PID_nv_pA.pdf  used on input line 322.
(pdftex.def)             Requested size: 203.83417pt x 146.31506pt.
<./figs/PID/P_PID_nv_Ap.pdf, id=1817, 569.12625pt x 408.52625pt>
File: ./figs/PID/P_PID_nv_Ap.pdf Graphic file (type pdf)
<use ./figs/PID/P_PID_nv_Ap.pdf>
Package pdftex.def Info: ./figs/PID/P_PID_nv_Ap.pdf  used on input line 323.
(pdftex.def)             Requested size: 203.83417pt x 146.31506pt.

LaTeX Warning: Reference `tab:eff_PID2' on page 15 undefined on input line 331.



LaTeX Warning: Reference `app:efficiency' on page 15 undefined on input line 33
1.

<./figs/plots/Lc_PID1.pdf, id=1820, 569.12625pt x 408.52625pt>
File: ./figs/plots/Lc_PID1.pdf Graphic file (type pdf)
<use ./figs/plots/Lc_PID1.pdf>
Package pdftex.def Info: ./figs/plots/Lc_PID1.pdf  used on input line 334.
(pdftex.def)             Requested size: 203.83417pt x 146.31506pt.
<./figs/plots/Lc_PID2.pdf, id=1821, 569.12625pt x 408.52625pt>
File: ./figs/plots/Lc_PID2.pdf Graphic file (type pdf)
<use ./figs/plots/Lc_PID2.pdf>
Package pdftex.def Info: ./figs/plots/Lc_PID2.pdf  used on input line 335.
(pdftex.def)             Requested size: 203.83417pt x 146.31506pt.
[15 <./figs/plots/Lc_Sel1.pdf, page is rotated 90 degrees> <./figs/plots/Lc_Sel
2.pdf, page is rotated 90 degrees>]

LaTeX Warning: Reference `tab:eff_tot1' on page 16 undefined on input line 353.



LaTeX Warning: Reference `tab:eff_tot2' on page 16 undefined on input line 353.


<./figs/plots/Lc_Tot1.pdf, id=1926, 569.12625pt x 408.52625pt>
File: ./figs/plots/Lc_Tot1.pdf Graphic file (type pdf)
<use ./figs/plots/Lc_Tot1.pdf>
Package pdftex.def Info: ./figs/plots/Lc_Tot1.pdf  used on input line 356.
(pdftex.def)             Requested size: 203.83417pt x 146.31506pt.
<./figs/plots/Lc_Tot2.pdf, id=1927, 569.12625pt x 408.52625pt>
File: ./figs/plots/Lc_Tot2.pdf Graphic file (type pdf)
<use ./figs/plots/Lc_Tot2.pdf>
Package pdftex.def Info: ./figs/plots/Lc_Tot2.pdf  used on input line 357.
(pdftex.def)             Requested size: 203.83417pt x 146.31506pt.
[16 <./figs/PID/K_Total_pA.pdf, page is rotated 90 degrees> <./figs/PID/K_Total
_Ap.pdf, page is rotated 90 degrees> <./figs/PID/K_Passed_pA.pdf, page is rotat
ed 90 degrees> <./figs/PID/K_Passed_Ap.pdf, page is rotated 90 degrees>]
[17 <./figs/PID/Pi_Total_pA.pdf, page is rotated 90 degrees> <./figs/PID/Pi_Tot
al_Ap.pdf, page is rotated 90 degrees> <./figs/PID/Pi_Passed_pA.pdf, page is ro
tated 90 degrees> <./figs/PID/Pi_Passed_Ap.pdf, page is rotated 90 degrees>]
[18 <./figs/PID/P_Total_pA.pdf, page is rotated 90 degrees> <./figs/PID/P_Total
_Ap.pdf, page is rotated 90 degrees> <./figs/PID/P_Passed_pA.pdf, page is rotat
ed 90 degrees> <./figs/PID/P_Passed_Ap.pdf, page is rotated 90 degrees>]
[19 <./figs/PID/K_PID_p_eta_pA.pdf, page is rotated 90 degrees> <./figs/PID/K_P
ID_p_eta_Ap.pdf, page is rotated 90 degrees> <./figs/PID/K_PID_nv_pA.pdf, page 
is rotated 90 degrees> <./figs/PID/K_PID_nv_Ap.pdf, page is rotated 90 degrees>
] [20 <./figs/PID/Pi_PID_p_eta_pA.pdf, page is rotated 90 degrees> <./figs/PID/
Pi_PID_p_eta_Ap.pdf, page is rotated 90 degrees> <./figs/PID/Pi_PID_nv_pA.pdf, 
page is rotated 90 degrees> <./figs/PID/Pi_PID_nv_Ap.pdf, page is rotated 90 de
grees>] [21 <./figs/PID/P_PID_p_eta_pA.pdf, page is rotated 90 degrees> <./figs
/PID/P_PID_p_eta_Ap.pdf, page is rotated 90 degrees> <./figs/PID/P_PID_nv_pA.pd
f, page is rotated 90 degrees> <./figs/PID/P_PID_nv_Ap.pdf, page is rotated 90 
degrees> <./figs/plots/Lc_PID1.pdf, page is rotated 90 degrees> <./figs/plots/L
c_PID2.pdf, page is rotated 90 degrees>] [22 <./figs/plots/Lc_Tot1.pdf, page is
 rotated 90 degrees> <./figs/plots/Lc_Tot2.pdf, page is rotated 90 degrees>])
(./main.bbl
Underfull \hbox (badness 1082) in paragraph at lines 42--52
[]\OT1/cmr/m/n/12 (+20) LHCb col-lab-o-ra-tion, R. Aaij \OT1/cmr/m/it/12 (+20) 
et al.\OT1/cmr/m/n/12 (+20) , \OT1/cmr/m/it/12 (+20) Mea-sure-ment of $\OML/cmm
/m/it/12 C P$ \OT1/cmr/m/it/12 (+20) ob-serv-ables in the
 []

)
Package atenddvi Info: Last page = 27.
 [23

]
Package atveryend Info: Empty hook `BeforeClearDocument' on input line 159.
Package atveryend Info: Executing hook `AfterLastShipout' on input line 159.
 (./main.aux)
Package atveryend Info: Executing hook `AtVeryEndDocument' on input line 159.
Package atveryend Info: Executing hook `AtEndAfterFileList' on input line 159.
Package rerunfilecheck Info: File `main.out' has not changed.
(rerunfilecheck)             Checksum: E106C8D54D08A8940EA4694644754233;1026.


LaTeX Warning: There were undefined references.


LaTeX Warning: There were multiply-defined labels.

Package atveryend Info: Empty hook `AtVeryVeryEnd' on input line 159.
 ) 
Here is how much of TeX's memory you used:
 23136 strings out of 492616
 423745 string characters out of 6129480
 547032 words of memory out of 5000000
 26267 multiletter control sequences out of 15000+600000
 26411 words of font info for 151 fonts, out of 8000000 for 9000
 1141 hyphenation exceptions out of 8191
 64i,16n,81p,1405b,474s stack positions out of 5000i,500n,10000p,200000b,80000s
</usr/local/texlive/2019/texmf-dist/fonts/type1/public/amsfonts/cm/cmbsy10.pf
b></usr/local/texlive/2019/texmf-dist/fonts/type1/public/amsfonts/cm/cmbx10.pfb
></usr/local/texlive/2019/texmf-dist/fonts/type1/public/amsfonts/cm/cmbx12.pfb>
</usr/local/texlive/2019/texmf-dist/fonts/type1/public/amsfonts/cm/cmcsc10.pfb>
</usr/local/texlive/2019/texmf-dist/fonts/type1/public/amsfonts/cm/cmex10.pfb><
/usr/local/texlive/2019/texmf-dist/fonts/type1/public/amsfonts/cmextra/cmex8.pf
b></usr/local/texlive/2019/texmf-dist/fonts/type1/public/amsfonts/cm/cmmi10.pfb
></usr/local/texlive/2019/texmf-dist/fonts/type1/public/amsfonts/cm/cmmi12.pfb>
</usr/local/texlive/2019/texmf-dist/fonts/type1/public/amsfonts/cm/cmmi6.pfb></
usr/local/texlive/2019/texmf-dist/fonts/type1/public/amsfonts/cm/cmmi8.pfb></us
r/local/texlive/2019/texmf-dist/fonts/type1/public/amsfonts/cm/cmmib10.pfb></us
r/local/texlive/2019/texmf-dist/fonts/type1/public/amsfonts/cm/cmr10.pfb></usr/
local/texlive/2019/texmf-dist/fonts/type1/public/amsfonts/cm/cmr12.pfb></usr/lo
cal/texlive/2019/texmf-dist/fonts/type1/public/amsfonts/cm/cmr6.pfb></usr/local
/texlive/2019/texmf-dist/fonts/type1/public/amsfonts/cm/cmr7.pfb></usr/local/te
xlive/2019/texmf-dist/fonts/type1/public/amsfonts/cm/cmr8.pfb></usr/local/texli
ve/2019/texmf-dist/fonts/type1/public/amsfonts/cm/cmss8.pfb></usr/local/texlive
/2019/texmf-dist/fonts/type1/public/amsfonts/cm/cmsy10.pfb></usr/local/texlive/
2019/texmf-dist/fonts/type1/public/amsfonts/cm/cmsy6.pfb></usr/local/texlive/20
19/texmf-dist/fonts/type1/public/amsfonts/cm/cmsy8.pfb></usr/local/texlive/2019
/texmf-dist/fonts/type1/public/amsfonts/cm/cmti10.pfb></usr/local/texlive/2019/
texmf-dist/fonts/type1/public/amsfonts/cm/cmti12.pfb></usr/local/texlive/2019/t
exmf-dist/fonts/type1/public/amsfonts/cm/cmti7.pfb></usr/local/texlive/2019/tex
mf-dist/fonts/type1/public/amsfonts/cm/cmtt12.pfb>
Output written on main.pdf (27 pages, 2131032 bytes).
PDF statistics:
 3285 PDF objects out of 3580 (max. 8388607)
 1531 compressed objects within 16 object streams
 87 named destinations out of 1000 (max. 500000)
 22592 words of extra memory for PDF output out of 24883 (max. 10000000)

